<?xml version="1.0" encoding="UTF-8"?>
<!-- Generated by org.testng.reporters.JUnitReportReporter -->
<testsuite skipped="0" hostname="LAPTOP-KHBTA0RO" name="com.qa.day6.RunSeleniumScript" tests="5" failures="0" timestamp="28 Jun 2022 05:30:13 GMT" time="92.873" errors="0">
  <testcase name="getTitle" time="11.822" classname="com.qa.day6.RunSeleniumScript"/>
  <testcase name="browserBack" time="19.350" classname="com.qa.day6.RunSeleniumScript"/>
  <testcase name="browserForward" time="18.768" classname="com.qa.day6.RunSeleniumScript"/>
  <testcase name="browserReferesh" time="23.312" classname="com.qa.day6.RunSeleniumScript"/>
  <testcase name="clickOnSearch" time="19.621" classname="com.qa.day6.RunSeleniumScript"/>
</testsuite> <!-- com.qa.day6.RunSeleniumScript -->
