<?xml version="1.0" encoding="UTF-8"?>
<!-- Generated by org.testng.reporters.JUnitReportReporter -->
<testsuite skipped="0" hostname="LAPTOP-KHBTA0RO" name="com.qa.ecom.TestScripts.VerifySigninLink" tests="1" failures="0" timestamp="2022-06-29T13:15:47 IST" time="9.312" errors="0">
  <testcase name="signInTest" time="9.312" classname="com.qa.ecom.TestScripts.VerifySigninLink"/>
  <system-out/>
</testsuite> <!-- com.qa.ecom.TestScripts.VerifySigninLink -->
