<?xml version="1.0" encoding="UTF-8"?>
<!-- Generated by org.testng.reporters.JUnitReportReporter -->
<testsuite hostname="DESKTOP-S1MQ5B3" failures="0" tests="1" name="com.qa.day6.TestScript" time="11.077" errors="0" timestamp="18 Apr 2023 20:42:36 GMT" skipped="0">
  <testcase classname="com.qa.day6.TestScript" name="test1" time="11.077"/>
</testsuite> <!-- com.qa.day6.TestScript -->
